<?xml version="1.0" encoding="UTF-8"?>
<testng-results skipped="0" failed="0" ignored="0" total="1" passed="1">
  <reporter-output>
  </reporter-output>
  <suite name="BDD Test Suite" duration-ms="43547" started-at="2021-02-13T15:30:49Z" finished-at="2021-02-13T15:31:33Z">
    <groups>
      <group name="cucumber">
        <method signature="TestRunner.feature(cucumber.api.testng.CucumberFeatureWrapper)[pri:0, instance:MyRunner.TestRunner@5bcab519]" name="feature" class="MyRunner.TestRunner"/>
      </group> <!-- cucumber -->
    </groups>
    <test name="FREE CRM Test" duration-ms="43547" started-at="2021-02-13T15:30:49Z" finished-at="2021-02-13T15:31:33Z">
      <class name="MyRunner.TestRunner">
        <test-method status="PASS" signature="setUpClass()[pri:0, instance:MyRunner.TestRunner@5bcab519]" name="setUpClass" is-config="true" duration-ms="839" started-at="2021-02-13T15:30:49Z" finished-at="2021-02-13T15:30:50Z">
          <reporter-output>
          </reporter-output>
        </test-method> <!-- setUpClass -->
        <test-method status="PASS" signature="feature(cucumber.api.testng.CucumberFeatureWrapper)[pri:0, instance:MyRunner.TestRunner@5bcab519]" name="feature" duration-ms="42355" started-at="2021-02-13T15:30:51Z" description="Runs Cucumber Feature" data-provider="features" finished-at="2021-02-13T15:31:33Z">
          <params>
            <param index="0">
              <value>
                <![CDATA[Login into EasyTrip]]>
              </value>
            </param>
          </params>
          <reporter-output>
          </reporter-output>
        </test-method> <!-- feature -->
        <test-method status="PASS" signature="tearDownClass()[pri:0, instance:MyRunner.TestRunner@5bcab519]" name="tearDownClass" is-config="true" duration-ms="35" started-at="2021-02-13T15:31:33Z" finished-at="2021-02-13T15:31:33Z">
          <reporter-output>
          </reporter-output>
        </test-method> <!-- tearDownClass -->
      </class> <!-- MyRunner.TestRunner -->
    </test> <!-- FREE CRM Test -->
  </suite> <!-- BDD Test Suite -->
</testng-results>
